[debug] [2023-05-04T13:35:28.036Z] ----------------------------------------------------------------------
[debug] [2023-05-04T13:35:28.039Z] Command:       C:\Program Files\nodejs\node.exe C:\Users\Tisha\AppData\Roaming\npm\node_modules\firebase-tools\lib\bin\firebase.js init
[debug] [2023-05-04T13:35:28.040Z] CLI Version:   11.29.1
[debug] [2023-05-04T13:35:28.040Z] Platform:      win32
[debug] [2023-05-04T13:35:28.040Z] Node Version:  v16.17.0
[debug] [2023-05-04T13:35:28.041Z] Time:          Thu May 04 2023 19:35:28 GMT+0600 (Bangladesh Standard Time)
[debug] [2023-05-04T13:35:28.042Z] ----------------------------------------------------------------------
[debug] 
[debug] [2023-05-04T13:35:28.049Z] > command requires scopes: ["email","openid","https://www.googleapis.com/auth/cloudplatformprojects.readonly","https://www.googleapis.com/auth/firebase","https://www.googleapis.com/auth/cloud-platform"]
[debug] [2023-05-04T13:35:28.050Z] > authorizing via signed-in user (tishaakter.jui79@gmail.com)
[info] 
     ######## #### ########  ######## ########     ###     ######  ########
     ##        ##  ##     ## ##       ##     ##  ##   ##  ##       ##
     ######    ##  ########  ######   ########  #########  ######  ######
     ##        ##  ##    ##  ##       ##     ## ##     ##       ## ##
     ##       #### ##     ## ######## ########  ##     ##  ######  ########

You're about to initialize a Firebase project in this directory:

  E:\Projects\chef-recipe-hunter-server

[info] 
=== Project Setup
[info] 
[info] First, let's associate this project directory with a Firebase project.
[info] You can create multiple project aliases by running firebase use --add, 
[info] but for now we'll just set up a default project.
[info] 
[debug] [2023-05-04T13:36:32.970Z] > refreshing access token with scopes: []
[debug] [2023-05-04T13:36:32.972Z] >>> [apiv2][query] POST https://www.googleapis.com/oauth2/v3/token [none]
[debug] [2023-05-04T13:36:32.972Z] >>> [apiv2][body] POST https://www.googleapis.com/oauth2/v3/token [omitted]
[debug] [2023-05-04T13:36:33.320Z] <<< [apiv2][status] POST https://www.googleapis.com/oauth2/v3/token 200
[debug] [2023-05-04T13:36:33.320Z] <<< [apiv2][body] POST https://www.googleapis.com/oauth2/v3/token [omitted]
[debug] [2023-05-04T13:36:33.332Z] >>> [apiv2][query] GET https://firebase.googleapis.com/v1beta1/projects pageSize=100
[debug] [2023-05-04T13:36:34.336Z] <<< [apiv2][status] GET https://firebase.googleapis.com/v1beta1/projects 200
[debug] [2023-05-04T13:36:34.336Z] <<< [apiv2][body] GET https://firebase.googleapis.com/v1beta1/projects [omitted]
[info] i  Using project chef-recipe-hunter-8e4c1 (chef-recipe-hunter) 
[info] 
=== Database Setup
[info] i  database: ensuring required API firebasedatabase.googleapis.com is enabled... 
[debug] [2023-05-04T13:38:29.946Z] >>> [apiv2][query] GET https://serviceusage.googleapis.com/v1/projects/chef-recipe-hunter-8e4c1/services/firebasedatabase.googleapis.com [none]
[debug] [2023-05-04T13:38:29.946Z] >>> [apiv2][(partial)header] GET https://serviceusage.googleapis.com/v1/projects/chef-recipe-hunter-8e4c1/services/firebasedatabase.googleapis.com x-goog-quota-user=projects/chef-recipe-hunter-8e4c1
[debug] [2023-05-04T13:38:32.425Z] <<< [apiv2][status] GET https://serviceusage.googleapis.com/v1/projects/chef-recipe-hunter-8e4c1/services/firebasedatabase.googleapis.com 200
[debug] [2023-05-04T13:38:32.425Z] <<< [apiv2][body] GET https://serviceusage.googleapis.com/v1/projects/chef-recipe-hunter-8e4c1/services/firebasedatabase.googleapis.com [omitted]
[warn] !  database: missing required API firebasedatabase.googleapis.com. Enabling now... 
[debug] [2023-05-04T13:38:32.426Z] >>> [apiv2][query] POST https://serviceusage.googleapis.com/v1/projects/chef-recipe-hunter-8e4c1/services/firebasedatabase.googleapis.com:enable [none]
[debug] [2023-05-04T13:38:32.426Z] >>> [apiv2][(partial)header] POST https://serviceusage.googleapis.com/v1/projects/chef-recipe-hunter-8e4c1/services/firebasedatabase.googleapis.com:enable x-goog-quota-user=projects/chef-recipe-hunter-8e4c1
[debug] [2023-05-04T13:38:34.650Z] <<< [apiv2][status] POST https://serviceusage.googleapis.com/v1/projects/chef-recipe-hunter-8e4c1/services/firebasedatabase.googleapis.com:enable 200
[debug] [2023-05-04T13:38:34.650Z] <<< [apiv2][body] POST https://serviceusage.googleapis.com/v1/projects/chef-recipe-hunter-8e4c1/services/firebasedatabase.googleapis.com:enable [omitted]
[debug] [2023-05-04T13:38:44.654Z] >>> [apiv2][query] GET https://serviceusage.googleapis.com/v1/projects/chef-recipe-hunter-8e4c1/services/firebasedatabase.googleapis.com [none]
[debug] [2023-05-04T13:38:44.654Z] >>> [apiv2][(partial)header] GET https://serviceusage.googleapis.com/v1/projects/chef-recipe-hunter-8e4c1/services/firebasedatabase.googleapis.com x-goog-quota-user=projects/chef-recipe-hunter-8e4c1
[debug] [2023-05-04T13:38:45.260Z] <<< [apiv2][status] GET https://serviceusage.googleapis.com/v1/projects/chef-recipe-hunter-8e4c1/services/firebasedatabase.googleapis.com 200
[debug] [2023-05-04T13:38:45.261Z] <<< [apiv2][body] GET https://serviceusage.googleapis.com/v1/projects/chef-recipe-hunter-8e4c1/services/firebasedatabase.googleapis.com [omitted]
[info] +  database: required API firebasedatabase.googleapis.com is enabled 
[info] 
[debug] [2023-05-04T13:38:45.265Z] >>> [apiv2][query] GET https://firebase.googleapis.com/v1beta1/projects/chef-recipe-hunter-8e4c1 [none]
[debug] [2023-05-04T13:38:46.096Z] <<< [apiv2][status] GET https://firebase.googleapis.com/v1beta1/projects/chef-recipe-hunter-8e4c1 200
[debug] [2023-05-04T13:38:46.096Z] <<< [apiv2][body] GET https://firebase.googleapis.com/v1beta1/projects/chef-recipe-hunter-8e4c1 {"projectId":"chef-recipe-hunter-8e4c1","projectNumber":"220840487056","displayName":"chef-recipe-hunter","name":"projects/chef-recipe-hunter-8e4c1","resources":{"hostingSite":"chef-recipe-hunter-8e4c1"},"state":"ACTIVE","etag":"1_b3e08cfb-327f-48fc-9790-86ec084ade4f"}
